<?xml version="1.0" encoding="UTF-8"?>
<testng-results skipped="0" failed="0" ignored="0" total="2" passed="2">
  <reporter-output>
  </reporter-output>
  <suite name="Suite" duration-ms="20814" started-at="2019-09-08T10:18:50Z" finished-at="2019-09-08T10:19:11Z">
    <groups>
      <group name="cucumber">
        <method signature="AbstractTestNGCucumberTests.runScenario(cucumber.api.testng.PickleEventWrapper, cucumber.api.testng.CucumberFeatureWrapper)[pri:0, instance:com.leafBot.testcases.LoginTC001@2b2948e2]" name="runScenario" class="cucumber.api.testng.AbstractTestNGCucumberTests"/>
      </group> <!-- cucumber -->
    </groups>
    <test name="Test" duration-ms="20814" started-at="2019-09-08T10:18:50Z" finished-at="2019-09-08T10:19:11Z">
      <class name="com.leafBot.testcases.LoginTC001">
        <test-method status="PASS" signature="startReport()[pri:0, instance:com.leafBot.testcases.LoginTC001@2b2948e2]" name="startReport" is-config="true" duration-ms="574" started-at="2019-09-08T10:18:49Z" finished-at="2019-09-08T10:18:50Z">
          <reporter-output>
          </reporter-output>
        </test-method> <!-- startReport -->
        <test-method status="PASS" signature="setData()[pri:0, instance:com.leafBot.testcases.LoginTC001@2b2948e2]" name="setData" is-config="true" duration-ms="0" started-at="2019-09-08T10:18:50Z" finished-at="2019-09-08T10:18:50Z">
          <reporter-output>
          </reporter-output>
        </test-method> <!-- setData -->
        <test-method status="PASS" signature="setUpClass()[pri:0, instance:com.leafBot.testcases.LoginTC001@2b2948e2]" name="setUpClass" is-config="true" duration-ms="184" started-at="2019-09-08T10:18:50Z" finished-at="2019-09-08T10:18:50Z">
          <reporter-output>
          </reporter-output>
        </test-method> <!-- setUpClass -->
        <test-method status="PASS" signature="report()[pri:0, instance:com.leafBot.testcases.LoginTC001@2b2948e2]" name="report" is-config="true" duration-ms="15" started-at="2019-09-08T10:18:50Z" finished-at="2019-09-08T10:18:50Z">
          <reporter-output>
          </reporter-output>
        </test-method> <!-- report -->
        <test-method status="PASS" signature="beforeMethod()[pri:0, instance:com.leafBot.testcases.LoginTC001@2b2948e2]" name="beforeMethod" is-config="true" duration-ms="8312" started-at="2019-09-08T10:18:51Z" finished-at="2019-09-08T10:19:00Z">
          <reporter-output>
          </reporter-output>
        </test-method> <!-- beforeMethod -->
        <test-method status="PASS" signature="runTC001(java.lang.String, java.lang.String)[pri:0, instance:com.leafBot.testcases.LoginTC001@2b2948e2]" name="runTC001" duration-ms="3381" started-at="2019-09-08T10:19:00Z" data-provider="fetchData" finished-at="2019-09-08T10:19:03Z">
          <params>
            <param index="0">
              <value>
                <![CDATA[DemoSalesManager]]>
              </value>
            </param>
            <param index="1">
              <value>
                <![CDATA[crmsfa]]>
              </value>
            </param>
          </params>
          <reporter-output>
          </reporter-output>
        </test-method> <!-- runTC001 -->
        <test-method status="PASS" signature="afterMethod()[pri:0, instance:com.leafBot.testcases.LoginTC001@2b2948e2]" name="afterMethod" is-config="true" duration-ms="733" started-at="2019-09-08T10:19:03Z" finished-at="2019-09-08T10:19:04Z">
          <reporter-output>
          </reporter-output>
        </test-method> <!-- afterMethod -->
        <test-method status="PASS" signature="beforeMethod()[pri:0, instance:com.leafBot.testcases.LoginTC001@2b2948e2]" name="beforeMethod" is-config="true" duration-ms="4905" started-at="2019-09-08T10:19:04Z" finished-at="2019-09-08T10:19:09Z">
          <reporter-output>
          </reporter-output>
        </test-method> <!-- beforeMethod -->
        <test-method status="PASS" signature="runTC001(java.lang.String, java.lang.String)[pri:0, instance:com.leafBot.testcases.LoginTC001@2b2948e2]" name="runTC001" duration-ms="2059" started-at="2019-09-08T10:19:09Z" data-provider="fetchData" finished-at="2019-09-08T10:19:11Z">
          <params>
            <param index="0">
              <value>
                <![CDATA[DemoCSR]]>
              </value>
            </param>
            <param index="1">
              <value>
                <![CDATA[crmsfa]]>
              </value>
            </param>
          </params>
          <reporter-output>
          </reporter-output>
        </test-method> <!-- runTC001 -->
        <test-method status="PASS" signature="afterMethod()[pri:0, instance:com.leafBot.testcases.LoginTC001@2b2948e2]" name="afterMethod" is-config="true" duration-ms="127" started-at="2019-09-08T10:19:11Z" finished-at="2019-09-08T10:19:11Z">
          <reporter-output>
          </reporter-output>
        </test-method> <!-- afterMethod -->
        <test-method status="PASS" signature="tearDownClass()[pri:0, instance:com.leafBot.testcases.LoginTC001@2b2948e2]" name="tearDownClass" is-config="true" duration-ms="6" started-at="2019-09-08T10:19:11Z" finished-at="2019-09-08T10:19:11Z">
          <reporter-output>
          </reporter-output>
        </test-method> <!-- tearDownClass -->
        <test-method status="PASS" signature="stopReport()[pri:0, instance:com.leafBot.testcases.LoginTC001@2b2948e2]" name="stopReport" is-config="true" duration-ms="583" started-at="2019-09-08T10:19:11Z" finished-at="2019-09-08T10:19:11Z">
          <reporter-output>
          </reporter-output>
        </test-method> <!-- stopReport -->
      </class> <!-- com.leafBot.testcases.LoginTC001 -->
    </test> <!-- Test -->
  </suite> <!-- Suite -->
</testng-results>
